INFO 2024-08-03 20:38:43,101 signals: OTP was sent to verify sds@fdfd.fdfd
INFO 2024-08-04 20:37:42,034 views:  logged out!
INFO 2024-08-04 20:38:27,093 signals: OTP was sent to verify sss@ddd.com
INFO 2024-08-04 20:47:01,888 signals: OTP was sent to verify sss@sss.com
INFO 2024-08-04 20:48:28,334 signals: OTP was sent to verify catsee5000@gmail.com
INFO 2024-08-04 20:49:06,833 signals: OTP was sent to verify catsee39@gmail.com
INFO 2024-08-04 20:50:51,487 signals: OTP was sent to verify catsee39@gmail.com
INFO 2024-08-04 20:51:15,211 views: maho9 logged out!
INFO 2024-08-04 20:52:31,910 signals: OTP was sent to verify catsee500@gmail.com
INFO 2024-08-04 20:54:22,606 signals: OTP was sent to verify catsee500@gmail.com
INFO 2024-08-04 21:00:14,224 views: maho logged in!
INFO 2024-08-04 21:00:40,500 views: maho logged out!
INFO 2024-09-26 10:31:26,927 signals: OTP was sent to verify catsee500@gmail.com
INFO 2024-09-26 10:31:57,169 views: Account for maso with email : catsee500@gmail.com was verified
WARNING 2024-09-26 10:32:11,353 views: maso : incorrect attempt to login!
WARNING 2024-09-26 10:32:23,639 views: maso : incorrect attempt to login!
INFO 2024-09-26 10:32:34,540 views: the account maso with email : catsee500@gmail.com forgot the password!
INFO 2024-09-26 10:32:36,260 views: the account maso with email : catsee500@gmail.com recieved an OTP
INFO 2024-09-26 10:33:07,623 views: the account maso with email : catsee500@gmail.com changed the password
INFO 2024-09-26 10:33:14,754 views: maso logged in!
INFO 2024-09-26 10:33:18,969 views: maso logged out!
INFO 2024-11-11 11:23:52,877 signals: OTP was sent to verify catsee500@gmail.com
INFO 2024-11-11 11:24:49,609 views: the account maho500 with email : catsee500@gmail.com requested another OTP
INFO 2024-11-11 11:26:57,431 views: maho9 logged out!
WARNING 2024-11-11 11:27:18,579 views: maho : incorrect attempt to login!
INFO 2024-11-11 11:28:03,182 views: the account maho500 with email : catsee500@gmail.com forgot the password!
INFO 2024-11-11 11:28:04,681 views: the account maho500 with email : catsee500@gmail.com recieved an OTP
INFO 2024-11-11 11:28:46,568 views: maho9 logged out!
WARNING 2024-11-11 11:29:03,271 views: maho500 : incorrect attempt to login!
INFO 2024-11-11 11:29:20,175 views: the account maho500 with email : catsee500@gmail.com forgot the password!
INFO 2024-11-11 11:29:21,793 views: the account maho500 with email : catsee500@gmail.com recieved an OTP
INFO 2024-11-11 11:30:08,010 views: the account maho500 with email : catsee500@gmail.com changed the password
WARNING 2024-11-11 11:30:36,008 views: maho500 : incorrect attempt to login!
WARNING 2024-11-11 11:30:45,710 views: maho500 : incorrect attempt to login!
WARNING 2024-11-11 11:30:58,875 views: maho500 : incorrect attempt to login!
WARNING 2024-11-11 11:31:10,264 views: maho500 : incorrect attempt to login!
WARNING 2024-11-11 11:31:15,769 views: maho500 : incorrect attempt to login!
WARNING 2024-11-11 11:31:58,108 views: maho500 : incorrect attempt to login!
WARNING 2024-11-11 11:32:05,322 views: maho500 : incorrect attempt to login!
INFO 2024-11-11 11:33:03,034 views: maho9 logged out!
WARNING 2024-11-11 11:33:11,020 views: maho500 : incorrect attempt to login!
INFO 2024-11-11 11:33:16,118 views: the account maho500 with email : catsee500@gmail.com forgot the password!
INFO 2024-11-11 11:33:18,041 views: the account maho500 with email : catsee500@gmail.com recieved an OTP
INFO 2024-11-11 11:33:56,031 views: the account maho500 with email : catsee500@gmail.com changed the password
INFO 2024-11-11 11:34:03,477 views: maho500 logged in!
INFO 2024-11-11 11:34:07,207 views: maho500 logged out!
WARNING 2024-11-11 11:34:18,172 views: maho500 : incorrect attempt to login!
INFO 2024-11-11 11:35:01,808 views: maho9 logged out!
WARNING 2024-11-11 11:35:09,401 views: maho500 : incorrect attempt to login!
WARNING 2024-11-11 11:35:17,477 views: maho500 : incorrect attempt to login!
WARNING 2024-11-11 11:35:23,631 views: maho500 : incorrect attempt to login!
WARNING 2024-11-11 11:35:34,339 views: maho500 : incorrect attempt to login!
WARNING 2024-11-11 11:36:43,698 views: maho500 : incorrect attempt to login!
WARNING 2024-11-11 11:37:12,395 views: maho500 : incorrect attempt to login!
INFO 2024-11-11 11:38:45,580 views: the account maho500 with email : catsee500@gmail.com forgot the password!
INFO 2024-11-11 11:38:47,053 views: the account maho500 with email : catsee500@gmail.com recieved an OTP
INFO 2024-11-11 11:39:23,470 views: Account for maho500 with email : catsee500@gmail.com was verified
INFO 2024-11-11 11:39:57,615 views: the account maho500 with email : catsee500@gmail.com forgot the password!
INFO 2024-11-11 11:39:59,448 views: the account maho500 with email : catsee500@gmail.com recieved an OTP
INFO 2024-11-11 11:40:35,496 views: the account maho500 with email : catsee500@gmail.com changed the password
WARNING 2024-11-11 11:43:10,744 views: maho500 : incorrect attempt to login!
WARNING 2024-11-11 11:43:16,605 views: maho500 : incorrect attempt to login!
WARNING 2024-11-11 11:43:23,145 views: maho500 : incorrect attempt to login!
INFO 2024-11-11 11:43:28,073 views: the account maho500 with email : catsee500@gmail.com forgot the password!
INFO 2024-11-11 11:43:30,904 views: the account maho500 with email : catsee500@gmail.com recieved an OTP
INFO 2024-11-11 11:44:22,983 views: the account maho500 with email : catsee500@gmail.com changed the password
INFO 2024-11-11 11:46:33,281 views: the account maho500 with email : catsee500@gmail.com forgot the password!
INFO 2024-11-11 11:46:34,818 views: the account maho500 with email : catsee500@gmail.com recieved an OTP
INFO 2024-11-11 11:49:18,226 views: the account maho500 with email : catsee500@gmail.com changed the password
INFO 2024-11-11 11:50:14,312 views: the account maho500 with email : catsee500@gmail.com forgot the password!
INFO 2024-11-11 11:50:15,941 views: the account maho500 with email : catsee500@gmail.com recieved an OTP
INFO 2024-11-11 11:50:36,578 views: the account maho500 with email : catsee500@gmail.com changed the password
INFO 2024-11-11 11:50:56,562 views: the account maho500 with email : catsee500@gmail.com forgot the password!
INFO 2024-11-11 11:50:57,990 views: the account maho500 with email : catsee500@gmail.com recieved an OTP
INFO 2024-11-11 11:52:49,592 views: the account maho500 with email : catsee500@gmail.com forgot the password!
INFO 2024-11-11 11:52:51,177 views: the account maho500 with email : catsee500@gmail.com recieved an OTP
INFO 2024-11-11 11:53:57,979 views: the account maho500 with email : catsee500@gmail.com forgot the password!
INFO 2024-11-11 11:53:59,660 views: the account maho500 with email : catsee500@gmail.com recieved an OTP
INFO 2024-11-11 11:54:40,470 views: the account maho500 with email : catsee500@gmail.com changed the password
INFO 2024-11-11 13:08:30,646 views: maho500 logged in!
INFO 2024-11-11 13:08:32,424 views: maho500 logged out!
